********************************************************************************
DUPLICATOR-LITE PACKAGE-LOG: June 25, 2020 11:03 pm
NOTICE: Do NOT post to public sites or forums 
********************************************************************************
VERSION:	1.3.36
WORDPRESS:	5.4.2
PHP INFO:	7.4.5 | SAPI: apache2handler
SERVER:		Apache/2.4.43 (Win64) OpenSSL/1.1.1g PHP/7.4.5 
PHP TIME LIMIT: (0) no time limit imposed 
PHP MAX MEMORY: 4294967296 (512M default) 
MEMORY STACK: 14MB

********************************************************************************
DATABASE:
********************************************************************************
BUILD MODE:   MYSQLDUMP
MYSQLTIMEOUT: 5000
MYSQLDUMP:    Is Supported
SQL CREATED: zakrashop_494f5c18f815cccd1238_20200625230112_database.sql
SQL FILE SIZE: 3.05MB (3200708)
SQL FILE TIME: 2020-06-25 23:03:54
SQL RUNTIME: 2.86 sec.

********************************************************************************
ARCHIVE (ZIP):
********************************************************************************
ARCHIVE DIR:  C:/xamp/htdocs/projectfood
ARCHIVE FILE: zakrashop_494f5c18f815cccd1238_20200625230112_archive.zip
FILTERS: *ON*
DIRS:
	C:/xamp/htdocs/projectfood/wp-content/plugins/woocommerce/packages/woocommerce-admin/dist/components
FILES:
	not set
EXTS:  not set
----------------------------------------
COMPRESSING
SIZE:	163.87MB
STATS:	Dirs 1,295 | Files 8,191
SQL ADDED: zakrashop_494f5c18f815cccd1238_20200625230112_database.sql
ZipArchive Object
(
    [status] => 0
    [statusSys] => 0
    [numFiles] => 9486
    [filename] => C:\xamp\htdocs\projectfood\wp-content\backups-dup-lite\tmp\zakrashop_494f5c18f815cccd1238_20200625230112_archive.zip
    [comment] => 
)

FILE ADDED TO ZIP: 9485
COMPRESSION RESULT: '1'
COMPRESSED SIZE: 65.14MB
ARCHIVE RUNTIME: 48.28 sec.
MEMORY STACK: 16MB
building installer
add_extra_files1
add_extra_files2
add_extra_files3
add_extra_files4
Doing archive file check
add_extra_files5
add_extra_files6
add_extra_files8
Successfully opened zip C:/xamp/htdocs/projectfood/wp-content/backups-dup-lite/tmp/zakrashop_494f5c18f815cccd1238_20200625230112_archive.zip
Adding enhanced installer files to archive using ZipArchive
Installer files added to archive
Added to archive
After ziparchive close when adding installer

********************************************************************************
INTEGRITY CHECKS:
********************************************************************************
SQL FILE: 3.05MB
INSTALLER FILE: 61.31KB
ARCHIVE FILE: 66.66MB 
EXPECTED FILE/DIRECTORY COUNT: 9,486
ACTUAL FILE/DIRECTORY COUNT: 9,485
ARCHIVE CONSISTENCY TEST: Pass

********************************************************************************
RECORD ID:[1]
TOTAL PROCESS RUNTIME: 54.31 sec.
PEAK PHP MEMORY USED: 18MB
DONE PROCESSING => zakrashop June 25, 2020 11:04 pm

